
main.elf:     file format elf32-littlearm


Disassembly of section .text:

00000000 <vector_table>:
   0:	0000abcd 	andeq	sl, r0, sp, asr #23
   4:	00000199 	muleq	r0, r9, r1
	...

00000198 <reset_handler>:

    .section .text
    .align 1
    .type reset_handler, %function
reset_handler:
    bl .
 198:	f7ff fffe 	bl	198 <reset_handler>

Disassembly of section .ARM.attributes:

00000000 <.ARM.attributes>:
   0:	00002041 	andeq	r2, r0, r1, asr #32
   4:	61656100 	cmnvs	r5, r0, lsl #2
   8:	01006962 	tsteq	r0, r2, ror #18
   c:	00000016 	andeq	r0, r0, r6, lsl r0
  10:	726f4305 	rsbvc	r4, pc, #335544320	; 0x14000000
  14:	2d786574 	cfldr64cs	mvdx6, [r8, #-464]!	; 0xfffffe30
  18:	0600334d 	streq	r3, [r0], -sp, asr #6
  1c:	094d070a 	stmdbeq	sp, {r1, r3, r8, r9, sl}^
  20:	Address 0x0000000000000020 is out of bounds.


Disassembly of section .debug_line:

00000000 <.debug_line>:
   0:	00000032 	andeq	r0, r0, r2, lsr r0
   4:	001d0003 	andseq	r0, sp, r3
   8:	01020000 	mrseq	r0, (UNDEF: 2)
   c:	000d0efb 	strdeq	r0, [sp], -fp
  10:	01010101 	tsteq	r1, r1, lsl #2
  14:	01000000 	mrseq	r0, (UNDEF: 0)
  18:	00010000 	andeq	r0, r1, r0
  1c:	746f6f62 	strbtvc	r6, [pc], #-3938	; 24 <vector_table+0x24>
  20:	0000732e 	andeq	r7, r0, lr, lsr #6
  24:	00000000 	andeq	r0, r0, r0
  28:	01980205 	orrseq	r0, r8, r5, lsl #4
  2c:	0a030000 	beq	c0034 <reset_handler+0xbfe9c>
  30:	00020201 	andeq	r0, r2, r1, lsl #4
  34:	Address 0x0000000000000034 is out of bounds.


Disassembly of section .debug_info:

00000000 <.debug_info>:
   0:	00000022 	andeq	r0, r0, r2, lsr #32
   4:	00000002 	andeq	r0, r0, r2
   8:	01040000 	mrseq	r0, (UNDEF: 4)
   c:	00000000 	andeq	r0, r0, r0
  10:	00000198 	muleq	r0, r8, r1
  14:	0000019c 	muleq	r0, ip, r1
  18:	00000000 	andeq	r0, r0, r0
  1c:	00000007 	andeq	r0, r0, r7
  20:	0000001c 	andeq	r0, r0, ip, lsl r0
  24:	Address 0x0000000000000024 is out of bounds.


Disassembly of section .debug_abbrev:

00000000 <.debug_abbrev>:
   0:	10001101 	andne	r1, r0, r1, lsl #2
   4:	12011106 	andne	r1, r1, #-2147483647	; 0x80000001
   8:	1b0e0301 	blne	380c14 <reset_handler+0x380a7c>
   c:	130e250e 	movwne	r2, #58638	; 0xe50e
  10:	00000005 	andeq	r0, r0, r5

Disassembly of section .debug_aranges:

00000000 <.debug_aranges>:
   0:	0000001c 	andeq	r0, r0, ip, lsl r0
   4:	00000002 	andeq	r0, r0, r2
   8:	00040000 	andeq	r0, r4, r0
   c:	00000000 	andeq	r0, r0, r0
  10:	00000198 	muleq	r0, r8, r1
  14:	00000004 	andeq	r0, r0, r4
	...

Disassembly of section .debug_str:

00000000 <.debug_str>:
   0:	746f6f62 	strbtvc	r6, [pc], #-3938	; 8 <vector_table+0x8>
   4:	2f00732e 	svccs	0x0000732e
   8:	656d6f68 	strbvs	r6, [sp, #-3944]!	; 0xfffff098
   c:	6e72612f 	rpwvssp	f6, f2, #10.0
  10:	662f6261 	strtvs	r6, [pc], -r1, ror #4
  14:	52656572 	rsbpl	r6, r5, #478150656	; 0x1c800000
  18:	00534f54 	subseq	r4, r3, r4, asr pc
  1c:	20554e47 	subscs	r4, r5, r7, asr #28
  20:	32205341 	eorcc	r5, r0, #67108865	; 0x4000001
  24:	0034332e 	eorseq	r3, r4, lr, lsr #6
